<?xml version="1.0" encoding="UTF-8"?>
<testng-results ignored="0" total="3" passed="2" failed="1" skipped="0">
  <reporter-output>
  </reporter-output>
  <suite started-at="2023-02-06T08:34:54 IST" name="Suite" finished-at="2023-02-06T08:35:23 IST" duration-ms="29125">
    <groups>
    </groups>
    <test started-at="2023-02-06T08:34:54 IST" name="TestTwo" finished-at="2023-02-06T08:35:11 IST" duration-ms="16766">
      <class name="test.RegistrationTest">
        <test-method is-config="true" signature="browserLaunch()[pri:0, instance:test.RegistrationTest@673fdbce]" started-at="2023-02-06T08:34:54 IST" name="browserLaunch" finished-at="2023-02-06T08:35:01 IST" duration-ms="6698" status="PASS">
          <reporter-output>
          </reporter-output>
        </test-method> <!-- browserLaunch -->
        <test-method signature="register()[pri:0, instance:test.RegistrationTest@673fdbce]" started-at="2023-02-06T08:35:01 IST" name="register" finished-at="2023-02-06T08:35:09 IST" duration-ms="8012" status="FAIL">
          <exception class="java.lang.AssertionError">
            <message>
              <![CDATA[expected [Your Account Has Been Created!] but found [Register Account]]]>
            </message>
            <full-stacktrace>
              <![CDATA[java.lang.AssertionError: expected [Your Account Has Been Created!] but found [Register Account]
at org.testng.Assert.fail(Assert.java:99)
at org.testng.Assert.failNotEquals(Assert.java:1037)
at org.testng.Assert.assertEqualsImpl(Assert.java:140)
at org.testng.Assert.assertEquals(Assert.java:122)
at org.testng.Assert.assertEquals(Assert.java:629)
at org.testng.Assert.assertEquals(Assert.java:639)
at test.RegistrationTest.register(RegistrationTest.java:75)
at java.base/jdk.internal.reflect.NativeMethodAccessorImpl.invoke0(Native Method)
at java.base/jdk.internal.reflect.NativeMethodAccessorImpl.invoke(NativeMethodAccessorImpl.java:77)
at java.base/jdk.internal.reflect.DelegatingMethodAccessorImpl.invoke(DelegatingMethodAccessorImpl.java:43)
at java.base/java.lang.reflect.Method.invoke(Method.java:568)
at org.testng.internal.MethodInvocationHelper.invokeMethod(MethodInvocationHelper.java:133)
at org.testng.internal.TestInvoker.invokeMethod(TestInvoker.java:598)
at org.testng.internal.TestInvoker.invokeTestMethod(TestInvoker.java:173)
at org.testng.internal.MethodRunner.runInSequence(MethodRunner.java:46)
at org.testng.internal.TestInvoker$MethodInvocationAgent.invoke(TestInvoker.java:824)
at org.testng.internal.TestInvoker.invokeTestMethods(TestInvoker.java:146)
at org.testng.internal.TestMethodWorker.invokeTestMethods(TestMethodWorker.java:146)
at org.testng.internal.TestMethodWorker.run(TestMethodWorker.java:128)
at java.base/java.util.ArrayList.forEach(ArrayList.java:1511)
at org.testng.TestRunner.privateRun(TestRunner.java:794)
at org.testng.TestRunner.run(TestRunner.java:596)
at org.testng.SuiteRunner.runTest(SuiteRunner.java:377)
at org.testng.SuiteRunner.access$000(SuiteRunner.java:28)
at org.testng.SuiteRunner$SuiteWorker.run(SuiteRunner.java:418)
at org.testng.internal.thread.ThreadUtil.lambda$execute$0(ThreadUtil.java:64)
at java.base/java.util.concurrent.FutureTask.run(FutureTask.java:264)
at java.base/java.util.concurrent.ThreadPoolExecutor.runWorker(ThreadPoolExecutor.java:1136)
at java.base/java.util.concurrent.ThreadPoolExecutor$Worker.run(ThreadPoolExecutor.java:635)
at java.base/java.lang.Thread.run(Thread.java:833)
]]>
            </full-stacktrace>
          </exception> <!-- java.lang.AssertionError -->
          <reporter-output>
          </reporter-output>
        </test-method> <!-- register -->
        <test-method is-config="true" signature="tearDown()[pri:0, instance:test.RegistrationTest@673fdbce]" started-at="2023-02-06T08:35:10 IST" name="tearDown" finished-at="2023-02-06T08:35:11 IST" duration-ms="1215" status="PASS">
          <reporter-output>
          </reporter-output>
        </test-method> <!-- tearDown -->
      </class> <!-- test.RegistrationTest -->
    </test> <!-- TestTwo -->
    <test started-at="2023-02-06T08:34:54 IST" name="TestOne" finished-at="2023-02-06T08:35:23 IST" duration-ms="29125">
      <class name="test.LoginTest">
        <test-method is-config="true" signature="browserLaunch()[pri:0, instance:test.LoginTest@d737b89]" started-at="2023-02-06T08:34:54 IST" name="browserLaunch" finished-at="2023-02-06T08:35:06 IST" duration-ms="11558" status="PASS">
          <reporter-output>
          </reporter-output>
        </test-method> <!-- browserLaunch -->
        <test-method signature="login(java.lang.String,java.lang.String,java.lang.String)[pri:0, instance:test.LoginTest@d737b89]" started-at="2023-02-06T08:35:06 IST" name="login" data-provider="getLoginData" finished-at="2023-02-06T08:35:07 IST" duration-ms="1587" status="PASS">
          <params>
            <param index="0">
              <value>
                <![CDATA[gokulkarthickmech1994@gmail.com]]>
              </value>
            </param>
            <param index="1">
              <value>
                <![CDATA[gokul@123]]>
              </value>
            </param>
            <param index="2">
              <value>
                <![CDATA[Success]]>
              </value>
            </param>
          </params>
          <reporter-output>
          </reporter-output>
        </test-method> <!-- login -->
        <test-method is-config="true" signature="closure()[pri:0, instance:test.LoginTest@d737b89]" started-at="2023-02-06T08:35:07 IST" name="closure" finished-at="2023-02-06T08:35:08 IST" duration-ms="387" status="PASS">
          <reporter-output>
          </reporter-output>
        </test-method> <!-- closure -->
        <test-method is-config="true" signature="browserLaunch()[pri:0, instance:test.LoginTest@d737b89]" started-at="2023-02-06T08:35:08 IST" name="browserLaunch" finished-at="2023-02-06T08:35:10 IST" duration-ms="2751" status="PASS">
          <reporter-output>
          </reporter-output>
        </test-method> <!-- browserLaunch -->
        <test-method signature="login(java.lang.String,java.lang.String,java.lang.String)[pri:0, instance:test.LoginTest@d737b89]" started-at="2023-02-06T08:35:10 IST" name="login" data-provider="getLoginData" finished-at="2023-02-06T08:35:23 IST" duration-ms="12420" status="PASS">
          <params>
            <param index="0">
              <value>
                <![CDATA[arun.selenium@gmail.com]]>
              </value>
            </param>
            <param index="1">
              <value>
                <![CDATA[arun@12334]]>
              </value>
            </param>
            <param index="2">
              <value>
                <![CDATA[Failure]]>
              </value>
            </param>
          </params>
          <reporter-output>
          </reporter-output>
        </test-method> <!-- login -->
        <test-method is-config="true" signature="closure()[pri:0, instance:test.LoginTest@d737b89]" started-at="2023-02-06T08:35:23 IST" name="closure" finished-at="2023-02-06T08:35:23 IST" duration-ms="351" status="PASS">
          <reporter-output>
          </reporter-output>
        </test-method> <!-- closure -->
      </class> <!-- test.LoginTest -->
    </test> <!-- TestOne -->
  </suite> <!-- Suite -->
</testng-results>
